#
# There is insufficient memory for the Java Runtime Environment to continue.
# Native memory allocation (malloc) failed to allocate 615840 bytes. Error detail: Chunk::new
# Possible reasons:
#   The system is out of physical RAM or swap space
#   This process is running with CompressedOops enabled, and the Java Heap may be blocking the growth of the native heap
# Possible solutions:
#   Reduce memory load on the system
#   Increase physical memory or swap space
#   Check if swap backing store is full
#   Decrease Java heap size (-Xmx/-Xms)
#   Decrease number of Java threads
#   Decrease Java thread stack sizes (-Xss)
#   Set larger code cache with -XX:ReservedCodeCacheSize=
#   JVM is running with Unscaled Compressed Oops mode in which the Java heap is
#     placed in the first 4GB address space. The Java Heap base address is the
#     maximum limit for the native heap growth. Please use -XX:HeapBaseMinAddress
#     to set the Java Heap base and to place the Java Heap above 4GB virtual address.
# This output file may be truncated or incomplete.
#
#  Out of Memory Error (arena.cpp:168), pid=16000, tid=4492
#
# JRE version: OpenJDK Runtime Environment Temurin-21.0.7+6 (21.0.7+6) (build 21.0.7+6-LTS)
# Java VM: OpenJDK 64-Bit Server VM Temurin-21.0.7+6 (21.0.7+6-LTS, mixed mode, sharing, tiered, compressed oops, compressed class ptrs, parallel gc, windows-amd64)
# No core dump will be written. Minidumps are not enabled by default on client versions of Windows
#

---------------  S U M M A R Y ------------

Command Line: --add-modules=ALL-SYSTEM --add-opens=java.base/java.util=ALL-UNNAMED --add-opens=java.base/java.lang=ALL-UNNAMED --add-opens=java.base/sun.nio.fs=ALL-UNNAMED -Declipse.application=org.eclipse.jdt.ls.core.id1 -Dosgi.bundles.defaultStartLevel=4 -Declipse.product=org.eclipse.jdt.ls.core.product -Djava.import.generatesMetadataFilesAtProjectRoot=false -DDetectVMInstallationsJob.disabled=true -Dfile.encoding=utf8 -XX:+UseParallelGC -XX:GCTimeRatio=4 -XX:AdaptiveSizePolicyWeight=90 -Dsun.zip.disableMemoryMapping=true -Xmx2G -Xms100m -Xlog:disable -javaagent:c:\Users\Mikhailov\.vscode\extensions\redhat.java-1.43.1-win32-x64\lombok\lombok-1.18.39-4050.jar -XX:+HeapDumpOnOutOfMemoryError -XX:HeapDumpPath=c:\Users\Mikhailov\AppData\Roaming\Code\User\workspaceStorage\fd349178a1e6709f4cda7242595323e2\redhat.java -Daether.dependencyCollector.impl=bf c:\Users\Mikhailov\.vscode\extensions\redhat.java-1.43.1-win32-x64\server\plugins\org.eclipse.equinox.launcher_1.7.0.v20250519-0528.jar -configuration c:\Users\Mikhailov\AppData\Roaming\Code\User\globalStorage\redhat.java\1.43.1\config_win -data c:\Users\Mikhailov\AppData\Roaming\Code\User\workspaceStorage\fd349178a1e6709f4cda7242595323e2\redhat.java\jdt_ws --pipe=\\.\pipe\lsp-f4b077b2bd9cf7a5297af84a7095cc73-sock

Host: 12th Gen Intel(R) Core(TM) i5-12450H, 12 cores, 15G,  Windows 11 , 64 bit Build 22621 (10.0.22621.5415)
Time: Tue Jul 15 23:44:48 2025 Russia TZ 2 Standard Time elapsed time: 24.971806 seconds (0d 0h 0m 24s)

---------------  T H R E A D  ---------------

Current thread (0x0000021f94628230):  JavaThread "C2 CompilerThread1" daemon [_thread_in_native, id=4492, stack(0x0000004f49900000,0x0000004f49a00000) (1024K)]


Current CompileTask:
C2:24971 4296       4       java.util.zip.ZipFile$Source::initCEN (612 bytes)

Stack: [0x0000004f49900000,0x0000004f49a00000]
Native frames: (J=compiled Java code, j=interpreted, Vv=VM code, C=native code)
V  [jvm.dll+0x6ce119]
V  [jvm.dll+0x8a84a1]
V  [jvm.dll+0x8aa9ce]
V  [jvm.dll+0x8ab0b3]
V  [jvm.dll+0x27f8a6]
V  [jvm.dll+0xc507d]
V  [jvm.dll+0xc55b3]
V  [jvm.dll+0x3b692c]
V  [jvm.dll+0x382aa5]
V  [jvm.dll+0x381f0a]
V  [jvm.dll+0x247af0]
V  [jvm.dll+0x2470cf]
V  [jvm.dll+0x1c760e]
V  [jvm.dll+0x25695a]
V  [jvm.dll+0x254efa]
V  [jvm.dll+0x3f03f6]
V  [jvm.dll+0x851f6b]
V  [jvm.dll+0x6cc7dd]
C  [ucrtbase.dll+0x29333]
C  [KERNEL32.DLL+0x1259d]
C  [ntdll.dll+0x5af78]


---------------  P R O C E S S  ---------------

Threads class SMR info:
_java_thread_list=0x0000021f9b6ed780, length=40, elements={
0x0000021f3822a7e0, 0x0000021f921f6aa0, 0x0000021f921fa2b0, 0x0000021f921fd5a0,
0x0000021f921fb1c0, 0x0000021f921fc330, 0x0000021f3a6a1fa0, 0x0000021f3a6a4ee0,
0x0000021f934a3f50, 0x0000021f3a671a60, 0x0000021f936e0c30, 0x0000021f94ac8e50,
0x0000021f94a60250, 0x0000021f94826640, 0x0000021f94826ca0, 0x0000021f948cf0a0,
0x0000021f94a5f0e0, 0x0000021f997d4440, 0x0000021f94628230, 0x0000021f944b24d0,
0x0000021f944b17b0, 0x0000021f944b31f0, 0x0000021f944b1120, 0x0000021f944b0a90,
0x0000021f944b3880, 0x0000021f944b3f10, 0x0000021f944b1e40, 0x0000021f944b2b60,
0x0000021f9ad51a50, 0x0000021f9ad513c0, 0x0000021f9ad4e5d0, 0x0000021f9ad4ec60,
0x0000021f9ad4f2f0, 0x0000021f9ad4f980, 0x0000021f9ad506a0, 0x0000021f9ad50010,
0x0000021f9ad50d30, 0x0000021f9b8a3900, 0x0000021f9b8a0b10, 0x0000021f9b8a0480
}

Java Threads: ( => current thread )
  0x0000021f3822a7e0 JavaThread "main"                              [_thread_in_vm, id=368, stack(0x0000004f47b00000,0x0000004f47c00000) (1024K)]
  0x0000021f921f6aa0 JavaThread "Reference Handler"          daemon [_thread_blocked, id=5692, stack(0x0000004f47f00000,0x0000004f48000000) (1024K)]
  0x0000021f921fa2b0 JavaThread "Finalizer"                  daemon [_thread_blocked, id=13172, stack(0x0000004f48000000,0x0000004f48100000) (1024K)]
  0x0000021f921fd5a0 JavaThread "Signal Dispatcher"          daemon [_thread_blocked, id=17660, stack(0x0000004f48100000,0x0000004f48200000) (1024K)]
  0x0000021f921fb1c0 JavaThread "Attach Listener"            daemon [_thread_blocked, id=20540, stack(0x0000004f48200000,0x0000004f48300000) (1024K)]
  0x0000021f921fc330 JavaThread "Service Thread"             daemon [_thread_blocked, id=8196, stack(0x0000004f48300000,0x0000004f48400000) (1024K)]
  0x0000021f3a6a1fa0 JavaThread "Monitor Deflation Thread"   daemon [_thread_blocked, id=21084, stack(0x0000004f48400000,0x0000004f48500000) (1024K)]
  0x0000021f3a6a4ee0 JavaThread "C2 CompilerThread0"         daemon [_thread_in_native, id=11452, stack(0x0000004f48500000,0x0000004f48600000) (1024K)]
  0x0000021f934a3f50 JavaThread "C1 CompilerThread0"         daemon [_thread_in_vm, id=9884, stack(0x0000004f48600000,0x0000004f48700000) (1024K)]
  0x0000021f3a671a60 JavaThread "Common-Cleaner"             daemon [_thread_blocked, id=9804, stack(0x0000004f48700000,0x0000004f48800000) (1024K)]
  0x0000021f936e0c30 JavaThread "Notification Thread"        daemon [_thread_blocked, id=9516, stack(0x0000004f48900000,0x0000004f48a00000) (1024K)]
  0x0000021f94ac8e50 JavaThread "Active Thread: Equinox Container: dacf16b7-19fe-4258-9979-8ad3372d0008"        [_thread_blocked, id=7580, stack(0x0000004f49100000,0x0000004f49200000) (1024K)]
  0x0000021f94a60250 JavaThread "Refresh Thread: Equinox Container: dacf16b7-19fe-4258-9979-8ad3372d0008" daemon [_thread_blocked, id=11776, stack(0x0000004f48a00000,0x0000004f48b00000) (1024K)]
  0x0000021f94826640 JavaThread "Framework Event Dispatcher: Equinox Container: dacf16b7-19fe-4258-9979-8ad3372d0008" daemon [_thread_blocked, id=16572, stack(0x0000004f49200000,0x0000004f49300000) (1024K)]
  0x0000021f94826ca0 JavaThread "Start Level: Equinox Container: dacf16b7-19fe-4258-9979-8ad3372d0008" daemon [_thread_blocked, id=16428, stack(0x0000004f49300000,0x0000004f49400000) (1024K)]
  0x0000021f948cf0a0 JavaThread "Bundle File Closer"         daemon [_thread_blocked, id=18836, stack(0x0000004f49700000,0x0000004f49800000) (1024K)]
  0x0000021f94a5f0e0 JavaThread "SCR Component Actor"        daemon [_thread_blocked, id=6744, stack(0x0000004f49400000,0x0000004f49500000) (1024K)]
  0x0000021f997d4440 JavaThread "SCR Component Registry"     daemon [_thread_blocked, id=6188, stack(0x0000004f49800000,0x0000004f49900000) (1024K)]
=>0x0000021f94628230 JavaThread "C2 CompilerThread1"         daemon [_thread_in_native, id=4492, stack(0x0000004f49900000,0x0000004f49a00000) (1024K)]
  0x0000021f944b24d0 JavaThread "Worker-JM"                         [_thread_blocked, id=13284, stack(0x0000004f49a00000,0x0000004f49b00000) (1024K)]
  0x0000021f944b17b0 JavaThread "JNA Cleaner"                daemon [_thread_blocked, id=17772, stack(0x0000004f49b00000,0x0000004f49c00000) (1024K)]
  0x0000021f944b31f0 JavaThread "Worker-0: Loading available Gradle versions"        [_thread_in_vm, id=19760, stack(0x0000004f49c00000,0x0000004f49d00000) (1024K)]
  0x0000021f944b1120 JavaThread "Worker-1: Initialize After Load"        [_thread_in_vm, id=6804, stack(0x0000004f49d00000,0x0000004f49e00000) (1024K)]
  0x0000021f944b0a90 JavaThread "Worker-2: Load persistent model for all projects"        [_thread_in_vm, id=21712, stack(0x0000004f49e00000,0x0000004f49f00000) (1024K)]
  0x0000021f944b3880 JavaThread "Java indexing"              daemon [_thread_blocked, id=22496, stack(0x0000004f49f00000,0x0000004f4a000000) (1024K)]
  0x0000021f944b3f10 JavaThread "Worker-3"                          [_thread_blocked, id=17824, stack(0x0000004f4a000000,0x0000004f4a100000) (1024K)]
  0x0000021f944b1e40 JavaThread "Thread-2"                   daemon [_thread_in_native, id=2492, stack(0x0000004f4a100000,0x0000004f4a200000) (1024K)]
  0x0000021f944b2b60 JavaThread "Thread-3"                   daemon [_thread_in_native, id=6400, stack(0x0000004f4a200000,0x0000004f4a300000) (1024K)]
  0x0000021f9ad51a50 JavaThread "Thread-4"                   daemon [_thread_in_native, id=14768, stack(0x0000004f4a300000,0x0000004f4a400000) (1024K)]
  0x0000021f9ad513c0 JavaThread "Thread-5"                   daemon [_thread_in_native, id=18492, stack(0x0000004f4a400000,0x0000004f4a500000) (1024K)]
  0x0000021f9ad4e5d0 JavaThread "Thread-6"                   daemon [_thread_in_native, id=10184, stack(0x0000004f4a500000,0x0000004f4a600000) (1024K)]
  0x0000021f9ad4ec60 JavaThread "Thread-7"                   daemon [_thread_in_native, id=13156, stack(0x0000004f4a600000,0x0000004f4a700000) (1024K)]
  0x0000021f9ad4f2f0 JavaThread "Thread-8"                   daemon [_thread_in_native, id=21384, stack(0x0000004f4a700000,0x0000004f4a800000) (1024K)]
  0x0000021f9ad4f980 JavaThread "Thread-9"                   daemon [_thread_in_native, id=14488, stack(0x0000004f4a800000,0x0000004f4a900000) (1024K)]
  0x0000021f9ad506a0 JavaThread "Thread-10"                  daemon [_thread_in_native, id=21728, stack(0x0000004f4a900000,0x0000004f4aa00000) (1024K)]
  0x0000021f9ad50010 JavaThread "Thread-11"                  daemon [_thread_in_native, id=16288, stack(0x0000004f4aa00000,0x0000004f4ab00000) (1024K)]
  0x0000021f9ad50d30 JavaThread "Thread-12"                  daemon [_thread_in_native, id=6824, stack(0x0000004f4ab00000,0x0000004f4ac00000) (1024K)]
  0x0000021f9b8a3900 JavaThread "Thread-13"                  daemon [_thread_in_native, id=21536, stack(0x0000004f4ac00000,0x0000004f4ad00000) (1024K)]
  0x0000021f9b8a0b10 JavaThread "Thread-14"                  daemon [_thread_in_native, id=7388, stack(0x0000004f4ad00000,0x0000004f4ae00000) (1024K)]
  0x0000021f9b8a0480 JavaThread "pool-2-thread-1"                   [_thread_blocked, id=9388, stack(0x0000004f4ae00000,0x0000004f4af00000) (1024K)]
Total: 40

Other Threads:
  0x0000021f38213190 VMThread "VM Thread"                           [id=2024, stack(0x0000004f47e00000,0x0000004f47f00000) (1024K)]
  0x0000021f3a670190 WatcherThread "VM Periodic Task Thread"        [id=20972, stack(0x0000004f47d00000,0x0000004f47e00000) (1024K)]
  0x0000021f382126b0 WorkerThread "GC Thread#0"                     [id=5576, stack(0x0000004f47c00000,0x0000004f47d00000) (1024K)]
  0x0000021f38212df0 WorkerThread "GC Thread#1"                     [id=17236, stack(0x0000004f48b00000,0x0000004f48c00000) (1024K)]
  0x0000021f38213c70 WorkerThread "GC Thread#2"                     [id=9304, stack(0x0000004f48c00000,0x0000004f48d00000) (1024K)]
  0x0000021f382138d0 WorkerThread "GC Thread#3"                     [id=3752, stack(0x0000004f48d00000,0x0000004f48e00000) (1024K)]
  0x0000021f94b0a6b0 WorkerThread "GC Thread#4"                     [id=14572, stack(0x0000004f48e00000,0x0000004f48f00000) (1024K)]
  0x0000021f94b08270 WorkerThread "GC Thread#5"                     [id=17760, stack(0x0000004f48f00000,0x0000004f49000000) (1024K)]
  0x0000021f94b0a310 WorkerThread "GC Thread#6"                     [id=4388, stack(0x0000004f49000000,0x0000004f49100000) (1024K)]
  0x0000021f94b09f70 WorkerThread "GC Thread#7"                     [id=3644, stack(0x0000004f48800000,0x0000004f48900000) (1024K)]
  0x0000021f94b07ed0 WorkerThread "GC Thread#8"                     [id=7660, stack(0x0000004f49500000,0x0000004f49600000) (1024K)]
  0x0000021f94b07b30 WorkerThread "GC Thread#9"                     [id=10548, stack(0x0000004f49600000,0x0000004f49700000) (1024K)]
Total: 12

Threads with active compile tasks:
C2 CompilerThread0  24987 3977       4       org.lombokweb.asm.ClassReader::readMethod (1070 bytes)
C1 CompilerThread0  24987 4340   !   3       java.io.BufferedReader::read (59 bytes)
C2 CompilerThread1  24987 4296       4       java.util.zip.ZipFile$Source::initCEN (612 bytes)
Total: 3

VM state: not at safepoint (normal execution)

VM Mutex/Monitor currently owned by a thread:  ([mutex/lock_event])
[0x00007ff8fa04c308] Metaspace_lock - owner thread: 0x0000021f3822a7e0

Heap address: 0x0000000080000000, size: 2048 MB, Compressed Oops mode: 32-bit

CDS archive(s) mapped at: [0x0000021f51000000-0x0000021f51ba0000-0x0000021f51ba0000), size 12189696, SharedBaseAddress: 0x0000021f51000000, ArchiveRelocationMode: 1.
Compressed class space mapped at: 0x0000021f52000000-0x0000021f92000000, reserved size: 1073741824
Narrow klass base: 0x0000021f51000000, Narrow klass shift: 0, Narrow klass range: 0x100000000

GC Precious Log:
 CardTable entry size: 512
 CPUs: 12 total, 12 available
 Memory: 16092M
 Large Page Support: Disabled
 NUMA Support: Disabled
 Compressed Oops: Enabled (32-bit)
 Alignments: Space 512K, Generation 512K, Heap 2M
 Heap Min Capacity: 100M
 Heap Initial Capacity: 100M
 Heap Max Capacity: 2G
 Pre-touch: Disabled
 Parallel Workers: 10

Heap:
 PSYoungGen      total 25088K, used 23684K [0x00000000d5580000, 0x00000000d7400000, 0x0000000100000000)
  eden space 23040K, 95% used [0x00000000d5580000,0x00000000d6af8bf0,0x00000000d6c00000)
  from space 2048K, 82% used [0x00000000d7200000,0x00000000d73a84c8,0x00000000d7400000)
  to   space 2048K, 0% used [0x00000000d7000000,0x00000000d7000000,0x00000000d7200000)
 ParOldGen       total 68608K, used 14687K [0x0000000080000000, 0x0000000084300000, 0x00000000d5580000)
  object space 68608K, 21% used [0x0000000080000000,0x0000000080e57ec8,0x0000000084300000)
 Metaspace       used 31663K, committed 32576K, reserved 1114112K
  class space    used 3098K, committed 3520K, reserved 1048576K

Card table byte_map: [0x0000021f39fd0000,0x0000021f3a3e0000] _byte_map_base: 0x0000021f39bd0000

Marking Bits: (ParMarkBitMap*) 0x00007ff8fa0531f0
 Begin Bits: [0x0000021f4caa0000, 0x0000021f4eaa0000)
 End Bits:   [0x0000021f4eaa0000, 0x0000021f50aa0000)

Polling page: 0x0000021f39dc0000

Metaspace:

Usage:
  Non-class:     27.90 MB used.
      Class:      3.03 MB used.
       Both:     30.92 MB used.

Virtual space:
  Non-class space:       64.00 MB reserved,      28.38 MB ( 44%) committed,  1 nodes.
      Class space:        1.00 GB reserved,       3.44 MB ( <1%) committed,  1 nodes.
             Both:        1.06 GB reserved,      31.81 MB (  3%) committed. 

Chunk freelists:
   Non-Class:  3.09 MB
       Class:  12.51 MB
        Both:  15.60 MB

MaxMetaspaceSize: unlimited
CompressedClassSpaceSize: 1.00 GB
Initial GC threshold: 21.00 MB
Current GC threshold: 35.00 MB
CDS: on
 - commit_granule_bytes: 65536.
 - commit_granule_words: 8192.
 - virtual_space_node_default_size: 8388608.
 - enlarge_chunks_in_place: 1.
 - use_allocation_guard: 0.


Internal statistics:

num_allocs_failed_limit: 3.
num_arena_births: 638.
num_arena_deaths: 14.
num_vsnodes_births: 2.
num_vsnodes_deaths: 0.
num_space_committed: 509.
num_space_uncommitted: 0.
num_chunks_returned_to_freelist: 17.
num_chunks_taken_from_freelist: 1911.
num_chunk_merges: 9.
num_chunk_splits: 1228.
num_chunks_enlarged: 797.
num_inconsistent_stats: 0.

CodeHeap 'non-profiled nmethods': size=120000Kb used=1996Kb max_used=1996Kb free=118003Kb
 bounds [0x0000021f452c0000, 0x0000021f45530000, 0x0000021f4c7f0000]
CodeHeap 'profiled nmethods': size=120000Kb used=9060Kb max_used=9060Kb free=110939Kb
 bounds [0x0000021f3d7f0000, 0x0000021f3e0d0000, 0x0000021f44d20000]
CodeHeap 'non-nmethods': size=5760Kb used=1355Kb max_used=1360Kb free=4404Kb
 bounds [0x0000021f44d20000, 0x0000021f44f90000, 0x0000021f452c0000]
 total_blobs=4980 nmethods=4329 adapters=557
 compilation: enabled
              stopped_count=0, restarted_count=0
 full_count=0

Compilation events (20 events):
Event: 24.930 Thread 0x0000021f934a3f50 4329       3       java.util.Collections$EmptyMap::entrySet (4 bytes)
Event: 24.930 Thread 0x0000021f934a3f50 nmethod 4329 0x0000021f3e0bfb90 code [0x0000021f3e0bfd40, 0x0000021f3e0bfeb0]
Event: 24.930 Thread 0x0000021f934a3f50 4325       3       java.security.Provider$UString::<init> (21 bytes)
Event: 24.930 Thread 0x0000021f934a3f50 nmethod 4325 0x0000021f3e0bff90 code [0x0000021f3e0c0180, 0x0000021f3e0c0530]
Event: 24.931 Thread 0x0000021f934a3f50 4326       3       java.security.Provider$UString::hashCode (8 bytes)
Event: 24.931 Thread 0x0000021f934a3f50 nmethod 4326 0x0000021f3e0c0690 code [0x0000021f3e0c0840, 0x0000021f3e0c0980]
Event: 24.931 Thread 0x0000021f934a3f50 4327       1       sun.security.util.KnownOIDs::aliases (5 bytes)
Event: 24.931 Thread 0x0000021f934a3f50 nmethod 4327 0x0000021f454b2890 code [0x0000021f454b2a20, 0x0000021f454b2ae8]
Event: 24.932 Thread 0x0000021f934a3f50 4331       3       java.util.regex.Pattern::next (33 bytes)
Event: 24.932 Thread 0x0000021f934a3f50 nmethod 4331 0x0000021f3e0c0a90 code [0x0000021f3e0c0c40, 0x0000021f3e0c0e98]
Event: 24.944 Thread 0x0000021f934a3f50 4333 %     3       java.util.Properties::loadConvert @ 8 (540 bytes)
Event: 24.946 Thread 0x0000021f934a3f50 nmethod 4333% 0x0000021f3e0c0f90 code [0x0000021f3e0c12a0, 0x0000021f3e0c26a0]
Event: 24.949 Thread 0x0000021f934a3f50 4334       3       java.util.Properties::loadConvert (540 bytes)
Event: 24.951 Thread 0x0000021f934a3f50 nmethod 4334 0x0000021f3e0c2d10 code [0x0000021f3e0c3000, 0x0000021f3e0c42a8]
Event: 24.953 Thread 0x0000021f934a3f50 4335       3       java.io.BufferedReader::ensureOpen (18 bytes)
Event: 24.953 Thread 0x0000021f934a3f50 nmethod 4335 0x0000021f3e0c4910 code [0x0000021f3e0c4ac0, 0x0000021f3e0c4cc8]
Event: 24.964 Thread 0x0000021f934a3f50 4336       3       com.google.common.base.CharMatcher$Is::matches (14 bytes)
Event: 24.965 Thread 0x0000021f934a3f50 nmethod 4336 0x0000021f3e0c4d90 code [0x0000021f3e0c4f20, 0x0000021f3e0c5080]
Event: 24.968 Thread 0x0000021f934a3f50 4337   !   3       java.util.concurrent.ConcurrentHashMap::putVal (432 bytes)
Event: 24.970 Thread 0x0000021f934a3f50 nmethod 4337 0x0000021f3e0c5110 code [0x0000021f3e0c5480, 0x0000021f3e0c6d58]

GC Heap History (20 events):
Event: 11.344 GC heap before
{Heap before GC invocations=2 (full 0):
 PSYoungGen      total 29696K, used 28903K [0x00000000d5580000, 0x00000000d7680000, 0x0000000100000000)
  eden space 25600K, 100% used [0x00000000d5580000,0x00000000d6e80000,0x00000000d6e80000)
  from space 4096K, 80% used [0x00000000d6e80000,0x00000000d71b9c68,0x00000000d7280000)
  to   space 4096K, 0% used [0x00000000d7280000,0x00000000d7280000,0x00000000d7680000)
 ParOldGen       total 68608K, used 16K [0x0000000080000000, 0x0000000084300000, 0x00000000d5580000)
  object space 68608K, 0% used [0x0000000080000000,0x0000000080004000,0x0000000084300000)
 Metaspace       used 7978K, committed 8256K, reserved 1114112K
  class space    used 809K, committed 960K, reserved 1048576K
}
Event: 11.350 GC heap after
{Heap after GC invocations=2 (full 0):
 PSYoungGen      total 29696K, used 4085K [0x00000000d5580000, 0x00000000d7680000, 0x0000000100000000)
  eden space 25600K, 0% used [0x00000000d5580000,0x00000000d5580000,0x00000000d6e80000)
  from space 4096K, 99% used [0x00000000d7280000,0x00000000d767d5e0,0x00000000d7680000)
  to   space 4096K, 0% used [0x00000000d6e80000,0x00000000d6e80000,0x00000000d7280000)
 ParOldGen       total 68608K, used 1705K [0x0000000080000000, 0x0000000084300000, 0x00000000d5580000)
  object space 68608K, 2% used [0x0000000080000000,0x00000000801aa6a8,0x0000000084300000)
 Metaspace       used 7978K, committed 8256K, reserved 1114112K
  class space    used 809K, committed 960K, reserved 1048576K
}
Event: 15.177 GC heap before
{Heap before GC invocations=3 (full 0):
 PSYoungGen      total 29696K, used 29643K [0x00000000d5580000, 0x00000000d7680000, 0x0000000100000000)
  eden space 25600K, 99% used [0x00000000d5580000,0x00000000d6e757a8,0x00000000d6e80000)
  from space 4096K, 99% used [0x00000000d7280000,0x00000000d767d5e0,0x00000000d7680000)
  to   space 4096K, 0% used [0x00000000d6e80000,0x00000000d6e80000,0x00000000d7280000)
 ParOldGen       total 68608K, used 1705K [0x0000000080000000, 0x0000000084300000, 0x00000000d5580000)
  object space 68608K, 2% used [0x0000000080000000,0x00000000801aa6a8,0x0000000084300000)
 Metaspace       used 9286K, committed 9600K, reserved 1114112K
  class space    used 967K, committed 1152K, reserved 1048576K
}
Event: 15.183 GC heap after
{Heap after GC invocations=3 (full 0):
 PSYoungGen      total 29696K, used 4067K [0x00000000d5580000, 0x00000000d7680000, 0x0000000100000000)
  eden space 25600K, 0% used [0x00000000d5580000,0x00000000d5580000,0x00000000d6e80000)
  from space 4096K, 99% used [0x00000000d6e80000,0x00000000d7278e08,0x00000000d7280000)
  to   space 4096K, 0% used [0x00000000d7280000,0x00000000d7280000,0x00000000d7680000)
 ParOldGen       total 68608K, used 5139K [0x0000000080000000, 0x0000000084300000, 0x00000000d5580000)
  object space 68608K, 7% used [0x0000000080000000,0x0000000080504eb8,0x0000000084300000)
 Metaspace       used 9286K, committed 9600K, reserved 1114112K
  class space    used 967K, committed 1152K, reserved 1048576K
}
Event: 23.131 GC heap before
{Heap before GC invocations=4 (full 0):
 PSYoungGen      total 29696K, used 29667K [0x00000000d5580000, 0x00000000d7680000, 0x0000000100000000)
  eden space 25600K, 100% used [0x00000000d5580000,0x00000000d6e80000,0x00000000d6e80000)
  from space 4096K, 99% used [0x00000000d6e80000,0x00000000d7278e08,0x00000000d7280000)
  to   space 4096K, 0% used [0x00000000d7280000,0x00000000d7280000,0x00000000d7680000)
 ParOldGen       total 68608K, used 5139K [0x0000000080000000, 0x0000000084300000, 0x00000000d5580000)
  object space 68608K, 7% used [0x0000000080000000,0x0000000080504eb8,0x0000000084300000)
 Metaspace       used 12044K, committed 12480K, reserved 1114112K
  class space    used 1253K, committed 1472K, reserved 1048576K
}
Event: 23.134 GC heap after
{Heap after GC invocations=4 (full 0):
 PSYoungGen      total 29696K, used 4085K [0x00000000d5580000, 0x00000000d7680000, 0x0000000100000000)
  eden space 25600K, 0% used [0x00000000d5580000,0x00000000d5580000,0x00000000d6e80000)
  from space 4096K, 99% used [0x00000000d7280000,0x00000000d767d768,0x00000000d7680000)
  to   space 4096K, 0% used [0x00000000d6e80000,0x00000000d6e80000,0x00000000d7280000)
 ParOldGen       total 68608K, used 6777K [0x0000000080000000, 0x0000000084300000, 0x00000000d5580000)
  object space 68608K, 9% used [0x0000000080000000,0x000000008069e5b8,0x0000000084300000)
 Metaspace       used 12044K, committed 12480K, reserved 1114112K
  class space    used 1253K, committed 1472K, reserved 1048576K
}
Event: 23.489 GC heap before
{Heap before GC invocations=5 (full 0):
 PSYoungGen      total 29696K, used 29685K [0x00000000d5580000, 0x00000000d7680000, 0x0000000100000000)
  eden space 25600K, 100% used [0x00000000d5580000,0x00000000d6e80000,0x00000000d6e80000)
  from space 4096K, 99% used [0x00000000d7280000,0x00000000d767d768,0x00000000d7680000)
  to   space 4096K, 0% used [0x00000000d6e80000,0x00000000d6e80000,0x00000000d7280000)
 ParOldGen       total 68608K, used 6777K [0x0000000080000000, 0x0000000084300000, 0x00000000d5580000)
  object space 68608K, 9% used [0x0000000080000000,0x000000008069e5b8,0x0000000084300000)
 Metaspace       used 15334K, committed 15872K, reserved 1114112K
  class space    used 1537K, committed 1792K, reserved 1048576K
}
Event: 23.492 GC heap after
{Heap after GC invocations=5 (full 0):
 PSYoungGen      total 29184K, used 4083K [0x00000000d5580000, 0x00000000d7900000, 0x0000000100000000)
  eden space 25088K, 0% used [0x00000000d5580000,0x00000000d5580000,0x00000000d6e00000)
  from space 4096K, 99% used [0x00000000d6e80000,0x00000000d727ccb8,0x00000000d7280000)
  to   space 5632K, 0% used [0x00000000d7380000,0x00000000d7380000,0x00000000d7900000)
 ParOldGen       total 68608K, used 7800K [0x0000000080000000, 0x0000000084300000, 0x00000000d5580000)
  object space 68608K, 11% used [0x0000000080000000,0x000000008079e1d8,0x0000000084300000)
 Metaspace       used 15334K, committed 15872K, reserved 1114112K
  class space    used 1537K, committed 1792K, reserved 1048576K
}
Event: 23.954 GC heap before
{Heap before GC invocations=6 (full 0):
 PSYoungGen      total 29184K, used 29171K [0x00000000d5580000, 0x00000000d7900000, 0x0000000100000000)
  eden space 25088K, 100% used [0x00000000d5580000,0x00000000d6e00000,0x00000000d6e00000)
  from space 4096K, 99% used [0x00000000d6e80000,0x00000000d727ccb8,0x00000000d7280000)
  to   space 5632K, 0% used [0x00000000d7380000,0x00000000d7380000,0x00000000d7900000)
 ParOldGen       total 68608K, used 7800K [0x0000000080000000, 0x0000000084300000, 0x00000000d5580000)
  object space 68608K, 11% used [0x0000000080000000,0x000000008079e1d8,0x0000000084300000)
 Metaspace       used 18408K, committed 19200K, reserved 1114112K
  class space    used 1886K, committed 2240K, reserved 1048576K
}
Event: 23.956 GC heap after
{Heap after GC invocations=6 (full 0):
 PSYoungGen      total 29696K, used 4896K [0x00000000d5580000, 0x00000000d7880000, 0x0000000100000000)
  eden space 24576K, 0% used [0x00000000d5580000,0x00000000d5580000,0x00000000d6d80000)
  from space 5120K, 95% used [0x00000000d7380000,0x00000000d7848368,0x00000000d7880000)
  to   space 5120K, 0% used [0x00000000d6e80000,0x00000000d6e80000,0x00000000d7380000)
 ParOldGen       total 68608K, used 7808K [0x0000000080000000, 0x0000000084300000, 0x00000000d5580000)
  object space 68608K, 11% used [0x0000000080000000,0x00000000807a01d8,0x0000000084300000)
 Metaspace       used 18408K, committed 19200K, reserved 1114112K
  class space    used 1886K, committed 2240K, reserved 1048576K
}
Event: 24.160 GC heap before
{Heap before GC invocations=7 (full 0):
 PSYoungGen      total 29696K, used 26630K [0x00000000d5580000, 0x00000000d7880000, 0x0000000100000000)
  eden space 24576K, 88% used [0x00000000d5580000,0x00000000d6ab96b0,0x00000000d6d80000)
  from space 5120K, 95% used [0x00000000d7380000,0x00000000d7848368,0x00000000d7880000)
  to   space 5120K, 0% used [0x00000000d6e80000,0x00000000d6e80000,0x00000000d7380000)
 ParOldGen       total 68608K, used 7808K [0x0000000080000000, 0x0000000084300000, 0x00000000d5580000)
  object space 68608K, 11% used [0x0000000080000000,0x00000000807a01d8,0x0000000084300000)
 Metaspace       used 20729K, committed 21504K, reserved 1114112K
  class space    used 2130K, committed 2496K, reserved 1048576K
}
Event: 24.163 GC heap after
{Heap after GC invocations=7 (full 0):
 PSYoungGen      total 29696K, used 4677K [0x00000000d5580000, 0x00000000d7780000, 0x0000000100000000)
  eden space 24576K, 0% used [0x00000000d5580000,0x00000000d5580000,0x00000000d6d80000)
  from space 5120K, 91% used [0x00000000d6e80000,0x00000000d7311540,0x00000000d7380000)
  to   space 4096K, 0% used [0x00000000d7380000,0x00000000d7380000,0x00000000d7780000)
 ParOldGen       total 68608K, used 9075K [0x0000000080000000, 0x0000000084300000, 0x00000000d5580000)
  object space 68608K, 13% used [0x0000000080000000,0x00000000808dcfe8,0x0000000084300000)
 Metaspace       used 20729K, committed 21504K, reserved 1114112K
  class space    used 2130K, committed 2496K, reserved 1048576K
}
Event: 24.163 GC heap before
{Heap before GC invocations=8 (full 1):
 PSYoungGen      total 29696K, used 4677K [0x00000000d5580000, 0x00000000d7780000, 0x0000000100000000)
  eden space 24576K, 0% used [0x00000000d5580000,0x00000000d5580000,0x00000000d6d80000)
  from space 5120K, 91% used [0x00000000d6e80000,0x00000000d7311540,0x00000000d7380000)
  to   space 4096K, 0% used [0x00000000d7380000,0x00000000d7380000,0x00000000d7780000)
 ParOldGen       total 68608K, used 9075K [0x0000000080000000, 0x0000000084300000, 0x00000000d5580000)
  object space 68608K, 13% used [0x0000000080000000,0x00000000808dcfe8,0x0000000084300000)
 Metaspace       used 20729K, committed 21504K, reserved 1114112K
  class space    used 2130K, committed 2496K, reserved 1048576K
}
Event: 24.190 GC heap after
{Heap after GC invocations=8 (full 1):
 PSYoungGen      total 29696K, used 0K [0x00000000d5580000, 0x00000000d7780000, 0x0000000100000000)
  eden space 24576K, 0% used [0x00000000d5580000,0x00000000d5580000,0x00000000d6d80000)
  from space 5120K, 0% used [0x00000000d6e80000,0x00000000d6e80000,0x00000000d7380000)
  to   space 4096K, 0% used [0x00000000d7380000,0x00000000d7380000,0x00000000d7780000)
 ParOldGen       total 68608K, used 12989K [0x0000000080000000, 0x0000000084300000, 0x00000000d5580000)
  object space 68608K, 18% used [0x0000000080000000,0x0000000080caf4a8,0x0000000084300000)
 Metaspace       used 20717K, committed 21504K, reserved 1114112K
  class space    used 2126K, committed 2496K, reserved 1048576K
}
Event: 24.336 GC heap before
{Heap before GC invocations=9 (full 1):
 PSYoungGen      total 29696K, used 24576K [0x00000000d5580000, 0x00000000d7780000, 0x0000000100000000)
  eden space 24576K, 100% used [0x00000000d5580000,0x00000000d6d80000,0x00000000d6d80000)
  from space 5120K, 0% used [0x00000000d6e80000,0x00000000d6e80000,0x00000000d7380000)
  to   space 4096K, 0% used [0x00000000d7380000,0x00000000d7380000,0x00000000d7780000)
 ParOldGen       total 68608K, used 12989K [0x0000000080000000, 0x0000000084300000, 0x00000000d5580000)
  object space 68608K, 18% used [0x0000000080000000,0x0000000080caf4a8,0x0000000084300000)
 Metaspace       used 23364K, committed 24256K, reserved 1114112K
  class space    used 2288K, committed 2688K, reserved 1048576K
}
Event: 24.336 GC heap after
{Heap after GC invocations=9 (full 1):
 PSYoungGen      total 24576K, used 352K [0x00000000d5580000, 0x00000000d7400000, 0x0000000100000000)
  eden space 24064K, 0% used [0x00000000d5580000,0x00000000d5580000,0x00000000d6d00000)
  from space 512K, 68% used [0x00000000d7380000,0x00000000d73d8000,0x00000000d7400000)
  to   space 2048K, 0% used [0x00000000d7000000,0x00000000d7000000,0x00000000d7200000)
 ParOldGen       total 68608K, used 12989K [0x0000000080000000, 0x0000000084300000, 0x00000000d5580000)
  object space 68608K, 18% used [0x0000000080000000,0x0000000080caf4a8,0x0000000084300000)
 Metaspace       used 23364K, committed 24256K, reserved 1114112K
  class space    used 2288K, committed 2688K, reserved 1048576K
}
Event: 24.499 GC heap before
{Heap before GC invocations=10 (full 1):
 PSYoungGen      total 24576K, used 24416K [0x00000000d5580000, 0x00000000d7400000, 0x0000000100000000)
  eden space 24064K, 100% used [0x00000000d5580000,0x00000000d6d00000,0x00000000d6d00000)
  from space 512K, 68% used [0x00000000d7380000,0x00000000d73d8000,0x00000000d7400000)
  to   space 2048K, 0% used [0x00000000d7000000,0x00000000d7000000,0x00000000d7200000)
 ParOldGen       total 68608K, used 12989K [0x0000000080000000, 0x0000000084300000, 0x00000000d5580000)
  object space 68608K, 18% used [0x0000000080000000,0x0000000080caf4a8,0x0000000084300000)
 Metaspace       used 26168K, committed 27008K, reserved 1114112K
  class space    used 2509K, committed 2880K, reserved 1048576K
}
Event: 24.500 GC heap after
{Heap after GC invocations=10 (full 1):
 PSYoungGen      total 25600K, used 1435K [0x00000000d5580000, 0x00000000d7400000, 0x0000000100000000)
  eden space 23552K, 0% used [0x00000000d5580000,0x00000000d5580000,0x00000000d6c80000)
  from space 2048K, 70% used [0x00000000d7000000,0x00000000d7166da0,0x00000000d7200000)
  to   space 2048K, 0% used [0x00000000d7200000,0x00000000d7200000,0x00000000d7400000)
 ParOldGen       total 68608K, used 13770K [0x0000000080000000, 0x0000000084300000, 0x00000000d5580000)
  object space 68608K, 20% used [0x0000000080000000,0x0000000080d729b8,0x0000000084300000)
 Metaspace       used 26168K, committed 27008K, reserved 1114112K
  class space    used 2509K, committed 2880K, reserved 1048576K
}
Event: 24.773 GC heap before
{Heap before GC invocations=11 (full 1):
 PSYoungGen      total 25600K, used 24987K [0x00000000d5580000, 0x00000000d7400000, 0x0000000100000000)
  eden space 23552K, 100% used [0x00000000d5580000,0x00000000d6c80000,0x00000000d6c80000)
  from space 2048K, 70% used [0x00000000d7000000,0x00000000d7166da0,0x00000000d7200000)
  to   space 2048K, 0% used [0x00000000d7200000,0x00000000d7200000,0x00000000d7400000)
 ParOldGen       total 68608K, used 13770K [0x0000000080000000, 0x0000000084300000, 0x00000000d5580000)
  object space 68608K, 20% used [0x0000000080000000,0x0000000080d729b8,0x0000000084300000)
 Metaspace       used 28764K, committed 29632K, reserved 1114112K
  class space    used 2747K, committed 3136K, reserved 1048576K
}
Event: 24.775 GC heap after
{Heap after GC invocations=11 (full 1):
 PSYoungGen      total 25088K, used 1697K [0x00000000d5580000, 0x00000000d7400000, 0x0000000100000000)
  eden space 23040K, 0% used [0x00000000d5580000,0x00000000d5580000,0x00000000d6c00000)
  from space 2048K, 82% used [0x00000000d7200000,0x00000000d73a84c8,0x00000000d7400000)
  to   space 2048K, 0% used [0x00000000d7000000,0x00000000d7000000,0x00000000d7200000)
 ParOldGen       total 68608K, used 14687K [0x0000000080000000, 0x0000000084300000, 0x00000000d5580000)
  object space 68608K, 21% used [0x0000000080000000,0x0000000080e57ec8,0x0000000084300000)
 Metaspace       used 28764K, committed 29632K, reserved 1114112K
  class space    used 2747K, committed 3136K, reserved 1048576K
}

Dll operation events (10 events):
Event: 0.021 Loaded shared library c:\Users\Mikhailov\.vscode\extensions\redhat.java-1.43.1-win32-x64\jre\21.0.7-win32-x86_64\bin\java.dll
Event: 0.086 Loaded shared library c:\Users\Mikhailov\.vscode\extensions\redhat.java-1.43.1-win32-x64\jre\21.0.7-win32-x86_64\bin\zip.dll
Event: 0.245 Loaded shared library C:\Users\Mikhailov\.vscode\extensions\redhat.java-1.43.1-win32-x64\jre\21.0.7-win32-x86_64\bin\instrument.dll
Event: 0.253 Loaded shared library C:\Users\Mikhailov\.vscode\extensions\redhat.java-1.43.1-win32-x64\jre\21.0.7-win32-x86_64\bin\net.dll
Event: 0.259 Loaded shared library C:\Users\Mikhailov\.vscode\extensions\redhat.java-1.43.1-win32-x64\jre\21.0.7-win32-x86_64\bin\nio.dll
Event: 0.265 Loaded shared library C:\Users\Mikhailov\.vscode\extensions\redhat.java-1.43.1-win32-x64\jre\21.0.7-win32-x86_64\bin\zip.dll
Event: 0.316 Loaded shared library C:\Users\Mikhailov\.vscode\extensions\redhat.java-1.43.1-win32-x64\jre\21.0.7-win32-x86_64\bin\jimage.dll
Event: 0.452 Loaded shared library c:\Users\Mikhailov\.vscode\extensions\redhat.java-1.43.1-win32-x64\jre\21.0.7-win32-x86_64\bin\verify.dll
Event: 11.362 Loaded shared library C:\Users\Mikhailov\AppData\Roaming\Code\User\globalStorage\redhat.java\1.43.1\config_win\org.eclipse.equinox.launcher\org.eclipse.equinox.launcher.win32.win32.x86_64_1.2.1300.v20250331-1702\eclipse_11911.dll
Event: 23.692 Loaded shared library C:\Users\Mikhailov\AppData\Local\Temp\jna-120313266\jna4084198693790140755.dll

Deoptimization events (20 events):
Event: 24.909 Thread 0x0000021f3822a7e0 Uncommon trap: trap_request=0xffffff45 fr.pc=0x0000021f4549a5f0 relative=0x0000000000001470
Event: 24.909 Thread 0x0000021f3822a7e0 Uncommon trap: reason=unstable_if action=reinterpret pc=0x0000021f4549a5f0 method=java.util.Properties.loadConvert([CIILjava/lang/StringBuilder;)Ljava/lang/String; @ 477 c2
Event: 24.909 Thread 0x0000021f3822a7e0 DEOPT PACKING pc=0x0000021f4549a5f0 sp=0x0000004f47bf98a0
Event: 24.909 Thread 0x0000021f3822a7e0 DEOPT UNPACKING pc=0x0000021f44d73aa2 sp=0x0000004f47bf9890 mode 2
Event: 24.915 Thread 0x0000021f944b31f0 Uncommon trap: trap_request=0xffffff45 fr.pc=0x0000021f454b19f0 relative=0x00000000000005b0
Event: 24.915 Thread 0x0000021f944b31f0 Uncommon trap: reason=unstable_if action=reinterpret pc=0x0000021f454b19f0 method=java.util.HashMap.putVal(ILjava/lang/Object;Ljava/lang/Object;ZZ)Ljava/lang/Object; @ 236 c2
Event: 24.915 Thread 0x0000021f944b31f0 DEOPT PACKING pc=0x0000021f454b19f0 sp=0x0000004f49cfc0c0
Event: 24.915 Thread 0x0000021f944b31f0 DEOPT UNPACKING pc=0x0000021f44d73aa2 sp=0x0000004f49cfc038 mode 2
Event: 24.949 Thread 0x0000021f944b0a90 Uncommon trap: trap_request=0xffffff45 fr.pc=0x0000021f453d15dc relative=0x00000000000004fc
Event: 24.949 Thread 0x0000021f944b0a90 Uncommon trap: reason=unstable_if action=reinterpret pc=0x0000021f453d15dc method=java.util.Properties$LineReader.readLine()I @ 318 c2
Event: 24.949 Thread 0x0000021f944b0a90 DEOPT PACKING pc=0x0000021f453d15dc sp=0x0000004f49efee90
Event: 24.949 Thread 0x0000021f944b0a90 DEOPT UNPACKING pc=0x0000021f44d73aa2 sp=0x0000004f49efee28 mode 2
Event: 24.953 Thread 0x0000021f944b31f0 Uncommon trap: trap_request=0xffffffc6 fr.pc=0x0000021f453e9478 relative=0x0000000000000cb8
Event: 24.953 Thread 0x0000021f944b31f0 Uncommon trap: reason=bimorphic_or_optimized_type_check action=maybe_recompile pc=0x0000021f453e9478 method=java.io.BufferedInputStream.implRead([BII)I @ 100 c2
Event: 24.953 Thread 0x0000021f944b31f0 DEOPT PACKING pc=0x0000021f453e9478 sp=0x0000004f49cfad00
Event: 24.953 Thread 0x0000021f944b31f0 DEOPT UNPACKING pc=0x0000021f44d73aa2 sp=0x0000004f49cfac58 mode 2
Event: 24.959 Thread 0x0000021f944b1120 Uncommon trap: trap_request=0xffffff45 fr.pc=0x0000021f45451238 relative=0x0000000000000958
Event: 24.959 Thread 0x0000021f944b1120 Uncommon trap: reason=unstable_if action=reinterpret pc=0x0000021f45451238 method=java.util.concurrent.ConcurrentHashMap.putVal(Ljava/lang/Object;Ljava/lang/Object;Z)Ljava/lang/Object; @ 97 c2
Event: 24.959 Thread 0x0000021f944b1120 DEOPT PACKING pc=0x0000021f45451238 sp=0x0000004f49dfd1e0
Event: 24.959 Thread 0x0000021f944b1120 DEOPT UNPACKING pc=0x0000021f44d73aa2 sp=0x0000004f49dfd168 mode 2

Classes loaded (20 events):
Event: 24.943 Loading class sun/nio/ch/PendingIoCache
Event: 24.944 Loading class sun/nio/ch/PendingIoCache done
Event: 24.951 Loading class javax/crypto/CryptoPermissions
Event: 24.951 Loading class javax/crypto/CryptoPermissions done
Event: 24.952 Loading class javax/crypto/CryptoPolicyParser
Event: 24.952 Loading class javax/crypto/CryptoPolicyParser done
Event: 24.952 Loading class java/io/StreamTokenizer
Event: 24.952 Loading class java/io/StreamTokenizer done
Event: 24.953 Loading class javax/crypto/CryptoPolicyParser$GrantEntry
Event: 24.953 Loading class javax/crypto/CryptoPolicyParser$GrantEntry done
Event: 24.953 Loading class javax/crypto/CryptoPolicyParser$CryptoPermissionEntry
Event: 24.953 Loading class javax/crypto/CryptoPolicyParser$CryptoPermissionEntry done
Event: 24.953 Loading class java/util/Vector$Itr
Event: 24.953 Loading class java/util/Vector$Itr done
Event: 24.953 Loading class javax/crypto/CryptoAllPermission
Event: 24.954 Loading class javax/crypto/CryptoPermission
Event: 24.954 Loading class javax/crypto/CryptoPermission done
Event: 24.954 Loading class javax/crypto/CryptoAllPermission done
Event: 24.954 Loading class javax/crypto/CryptoAllPermissionCollection
Event: 24.954 Loading class javax/crypto/CryptoAllPermissionCollection done

Classes unloaded (7 events):
Event: 24.168 Thread 0x0000021f38213190 Unloading class 0x0000021f521a4c00 'java/lang/invoke/LambdaForm$MH+0x0000021f521a4c00'
Event: 24.168 Thread 0x0000021f38213190 Unloading class 0x0000021f521a4800 'java/lang/invoke/LambdaForm$MH+0x0000021f521a4800'
Event: 24.168 Thread 0x0000021f38213190 Unloading class 0x0000021f521a4400 'java/lang/invoke/LambdaForm$MH+0x0000021f521a4400'
Event: 24.168 Thread 0x0000021f38213190 Unloading class 0x0000021f521a4000 'java/lang/invoke/LambdaForm$MH+0x0000021f521a4000'
Event: 24.168 Thread 0x0000021f38213190 Unloading class 0x0000021f521a3c00 'java/lang/invoke/LambdaForm$BMH+0x0000021f521a3c00'
Event: 24.168 Thread 0x0000021f38213190 Unloading class 0x0000021f521a3800 'java/lang/invoke/LambdaForm$DMH+0x0000021f521a3800'
Event: 24.168 Thread 0x0000021f38213190 Unloading class 0x0000021f521a2800 'java/lang/invoke/LambdaForm$DMH+0x0000021f521a2800'

Classes redefined (0 events):
No events

Internal exceptions (20 events):
Event: 24.199 Thread 0x0000021f94826ca0 Exception <a 'java/lang/NoSuchMethodError'{0x00000000d55ac010}: 'double java.lang.invoke.DirectMethodHandle$Holder.invokeStaticInit(java.lang.Object, java.lang.Object)'> (0x00000000d55ac010) 
thrown [s\src\hotspot\share\interpreter\linkResolver.cpp, line 773]
Event: 24.274 Thread 0x0000021f94826ca0 Exception <a 'java/io/FileNotFoundException'{0x00000000d6684518}> (0x00000000d6684518) 
thrown [s\src\hotspot\share\prims\jni.cpp, line 520]
Event: 24.274 Thread 0x0000021f94826ca0 Exception <a 'java/io/FileNotFoundException'{0x00000000d6685368}> (0x00000000d6685368) 
thrown [s\src\hotspot\share\prims\jni.cpp, line 520]
Event: 24.274 Thread 0x0000021f94826ca0 Exception <a 'java/io/FileNotFoundException'{0x00000000d66862c0}> (0x00000000d66862c0) 
thrown [s\src\hotspot\share\prims\jni.cpp, line 520]
Event: 24.400 Thread 0x0000021f94826ca0 Implicit null exception at 0x0000021f45485e75 to 0x0000021f45485f50
Event: 24.505 Thread 0x0000021f94826ca0 Exception <a 'java/io/FileNotFoundException'{0x00000000d5b3b978}> (0x00000000d5b3b978) 
thrown [s\src\hotspot\share\prims\jni.cpp, line 520]
Event: 24.635 Thread 0x0000021f94826ca0 Exception <a 'java/lang/ClassNotFoundException'{0x00000000d63b2a58}: com/sun/org/apache/xerces/internal/impl/msg/spi/DOMMessagesProvider> (0x00000000d63b2a58) 
thrown [s\src\hotspot\share\classfile\systemDictionary.cpp, line 312]
Event: 24.636 Thread 0x0000021f94826ca0 Exception <a 'java/lang/ClassNotFoundException'{0x00000000d63c41c0}: com/sun/org/apache/xerces/internal/impl/msg/spi/XMLSerializerMessagesProvider> (0x00000000d63c41c0) 
thrown [s\src\hotspot\share\classfile\systemDictionary.cpp, line 312]
Event: 24.636 Thread 0x0000021f94826ca0 Exception <a 'java/lang/ClassNotFoundException'{0x00000000d63d1440}: com/sun/org/apache/xerces/internal/impl/msg/spi/XMLMessagesProvider> (0x00000000d63d1440) 
thrown [s\src\hotspot\share\classfile\systemDictionary.cpp, line 312]
Event: 24.746 Thread 0x0000021f94826ca0 Exception <a 'java/lang/ClassNotFoundException'{0x00000000d6aebea0}: com/sun/org/apache/xml/internal/serializer/spi/XMLEntitiesProvider> (0x00000000d6aebea0) 
thrown [s\src\hotspot\share\classfile\systemDictionary.cpp, line 312]
Event: 24.828 Thread 0x0000021f94826ca0 Exception <a 'java/io/FileNotFoundException'{0x00000000d57cf340}> (0x00000000d57cf340) 
thrown [s\src\hotspot\share\prims\jni.cpp, line 520]
Event: 24.842 Thread 0x0000021f94826ca0 Exception <a 'java/lang/UnsatisfiedLinkError'{0x00000000d58e7218}: The specified procedure could not be found.
> (0x00000000d58e7218) 
thrown [s\src\hotspot\share\prims\jni.cpp, line 539]
Event: 24.846 Thread 0x0000021f94826ca0 Exception <a 'java/io/FileNotFoundException'{0x00000000d58feea0}> (0x00000000d58feea0) 
thrown [s\src\hotspot\share\prims\jni.cpp, line 520]
Event: 24.852 Thread 0x0000021f94826ca0 Exception <a 'java/io/FileNotFoundException'{0x00000000d5987d98}> (0x00000000d5987d98) 
thrown [s\src\hotspot\share\prims\jni.cpp, line 520]
Event: 24.855 Thread 0x0000021f94826ca0 Exception <a 'java/lang/UnsatisfiedLinkError'{0x00000000d59b9bf0}: The specified procedure could not be found.
> (0x00000000d59b9bf0) 
thrown [s\src\hotspot\share\prims\jni.cpp, line 539]
Event: 24.931 Thread 0x0000021f944b31f0 Exception <a 'sun/nio/fs/WindowsException'{0x00000000d65e2450}> (0x00000000d65e2450) 
thrown [s\src\hotspot\share\prims\jni.cpp, line 520]
Event: 24.932 Thread 0x0000021f3822a7e0 Exception <a 'java/lang/NoSuchMethodError'{0x00000000d66044c8}: 'java.lang.Object java.lang.invoke.DirectMethodHandle$Holder.invokeStatic(java.lang.Object, long, java.lang.Object)'> (0x00000000d66044c8) 
thrown [s\src\hotspot\share\interpreter\linkResolver.cpp, line 773]
Event: 24.932 Thread 0x0000021f3822a7e0 Exception <a 'java/lang/NoSuchMethodError'{0x00000000d6617320}: 'java.lang.Object java.lang.invoke.DirectMethodHandle$Holder.invokeStaticInit(java.lang.Object, long, java.lang.Object)'> (0x00000000d6617320) 
thrown [s\src\hotspot\share\interpreter\linkResolver.cpp, line 773]
Event: 24.933 Thread 0x0000021f3822a7e0 Exception <a 'java/lang/NoSuchMethodError'{0x00000000d6626190}: 'java.lang.Object java.lang.invoke.DirectMethodHandle$Holder.newInvokeSpecial(java.lang.Object, long)'> (0x00000000d6626190) 
thrown [s\src\hotspot\share\interpreter\linkResolver.cpp, line 773]
Event: 24.967 Thread 0x0000021f944b1120 Exception <a 'java/io/FileNotFoundException'{0x00000000d69c6428}> (0x00000000d69c6428) 
thrown [s\src\hotspot\share\prims\jni.cpp, line 520]

ZGC Phase Switch (0 events):
No events

VM Operations (20 events):
Event: 23.954 Executing VM operation: ParallelGCFailedAllocation (Allocation Failure)
Event: 23.956 Executing VM operation: ParallelGCFailedAllocation (Allocation Failure) done
Event: 24.160 Executing VM operation: CollectForMetadataAllocation (Metadata GC Threshold)
Event: 24.190 Executing VM operation: CollectForMetadataAllocation (Metadata GC Threshold) done
Event: 24.335 Executing VM operation: ParallelGCFailedAllocation (Allocation Failure)
Event: 24.336 Executing VM operation: ParallelGCFailedAllocation (Allocation Failure) done
Event: 24.498 Executing VM operation: ParallelGCFailedAllocation (Allocation Failure)
Event: 24.500 Executing VM operation: ParallelGCFailedAllocation (Allocation Failure) done
Event: 24.569 Executing VM operation: HandshakeAllThreads (Deoptimize)
Event: 24.569 Executing VM operation: HandshakeAllThreads (Deoptimize) done
Event: 24.669 Executing VM operation: HandshakeAllThreads (Deoptimize)
Event: 24.669 Executing VM operation: HandshakeAllThreads (Deoptimize) done
Event: 24.745 Executing VM operation: HandshakeAllThreads (Deoptimize)
Event: 24.745 Executing VM operation: HandshakeAllThreads (Deoptimize) done
Event: 24.773 Executing VM operation: ParallelGCFailedAllocation (Allocation Failure)
Event: 24.775 Executing VM operation: ParallelGCFailedAllocation (Allocation Failure) done
Event: 24.904 Executing VM operation: HandshakeAllThreads (Deoptimize)
Event: 24.904 Executing VM operation: HandshakeAllThreads (Deoptimize) done
Event: 24.933 Executing VM operation: HandshakeAllThreads (Deoptimize)
Event: 24.933 Executing VM operation: HandshakeAllThreads (Deoptimize) done

Memory protections (0 events):
No events

Nmethod flushes (0 events):
No events

Events (20 events):
Event: 23.709 Thread 0x0000021f94826ca0 Thread added: 0x0000021f944b17b0
Event: 23.754 Thread 0x0000021f94826ca0 Thread added: 0x0000021f944b31f0
Event: 23.771 Thread 0x0000021f94826ca0 Thread added: 0x0000021f944b1120
Event: 23.771 Thread 0x0000021f944b31f0 Thread added: 0x0000021f944b0a90
Event: 24.640 Thread 0x0000021f94826ca0 Thread added: 0x0000021f944b3880
Event: 24.909 Thread 0x0000021f944b0a90 Thread added: 0x0000021f944b3f10
Event: 24.942 Thread 0x0000021f3822a7e0 Thread added: 0x0000021f944b1e40
Event: 24.942 Thread 0x0000021f3822a7e0 Thread added: 0x0000021f944b2b60
Event: 24.943 Thread 0x0000021f3822a7e0 Thread added: 0x0000021f9ad51a50
Event: 24.943 Thread 0x0000021f3822a7e0 Thread added: 0x0000021f9ad513c0
Event: 24.943 Thread 0x0000021f3822a7e0 Thread added: 0x0000021f9ad4e5d0
Event: 24.943 Thread 0x0000021f3822a7e0 Thread added: 0x0000021f9ad4ec60
Event: 24.943 Thread 0x0000021f3822a7e0 Thread added: 0x0000021f9ad4f2f0
Event: 24.943 Thread 0x0000021f3822a7e0 Thread added: 0x0000021f9ad4f980
Event: 24.943 Thread 0x0000021f3822a7e0 Thread added: 0x0000021f9ad506a0
Event: 24.943 Thread 0x0000021f3822a7e0 Thread added: 0x0000021f9ad50010
Event: 24.943 Thread 0x0000021f3822a7e0 Thread added: 0x0000021f9ad50d30
Event: 24.943 Thread 0x0000021f3822a7e0 Thread added: 0x0000021f9b8a3900
Event: 24.943 Thread 0x0000021f3822a7e0 Thread added: 0x0000021f9b8a0b10
Event: 24.966 Thread 0x0000021f3822a7e0 Thread added: 0x0000021f9b8a0480


Dynamic libraries:
0x00007ff7f4750000 - 0x00007ff7f475e000 	c:\Users\Mikhailov\.vscode\extensions\redhat.java-1.43.1-win32-x64\jre\21.0.7-win32-x86_64\bin\java.exe
0x00007ff97e610000 - 0x00007ff97e827000 	C:\WINDOWS\SYSTEM32\ntdll.dll
0x00007ff97c2f0000 - 0x00007ff97c3b4000 	C:\WINDOWS\System32\KERNEL32.DLL
0x00007ff97bd10000 - 0x00007ff97c0e2000 	C:\WINDOWS\System32\KERNELBASE.dll
0x00007ff97b700000 - 0x00007ff97b811000 	C:\WINDOWS\System32\ucrtbase.dll
0x00007ff90a7d0000 - 0x00007ff90a7e8000 	c:\Users\Mikhailov\.vscode\extensions\redhat.java-1.43.1-win32-x64\jre\21.0.7-win32-x86_64\bin\jli.dll
0x00007ff909e40000 - 0x00007ff909e5e000 	c:\Users\Mikhailov\.vscode\extensions\redhat.java-1.43.1-win32-x64\jre\21.0.7-win32-x86_64\bin\VCRUNTIME140.dll
0x00007ff97d6e0000 - 0x00007ff97d891000 	C:\WINDOWS\System32\USER32.dll
0x00007ff95a770000 - 0x00007ff95aa0b000 	C:\WINDOWS\WinSxS\amd64_microsoft.windows.common-controls_6595b64144ccf1df_6.0.22621.5547_none_27104afb73855772\COMCTL32.dll
0x00007ff97b820000 - 0x00007ff97b846000 	C:\WINDOWS\System32\win32u.dll
0x00007ff97c470000 - 0x00007ff97c517000 	C:\WINDOWS\System32\msvcrt.dll
0x00007ff97ca50000 - 0x00007ff97ca79000 	C:\WINDOWS\System32\GDI32.dll
0x00007ff97c170000 - 0x00007ff97c293000 	C:\WINDOWS\System32\gdi32full.dll
0x00007ff97b850000 - 0x00007ff97b8ea000 	C:\WINDOWS\System32\msvcp_win.dll
0x00007ff97ca10000 - 0x00007ff97ca41000 	C:\WINDOWS\System32\IMM32.DLL
0x00007ff9291b0000 - 0x00007ff9291bc000 	c:\Users\Mikhailov\.vscode\extensions\redhat.java-1.43.1-win32-x64\jre\21.0.7-win32-x86_64\bin\vcruntime140_1.dll
0x00007ff905680000 - 0x00007ff90570d000 	c:\Users\Mikhailov\.vscode\extensions\redhat.java-1.43.1-win32-x64\jre\21.0.7-win32-x86_64\bin\msvcp140.dll
0x00007ff8f93a0000 - 0x00007ff8fa130000 	c:\Users\Mikhailov\.vscode\extensions\redhat.java-1.43.1-win32-x64\jre\21.0.7-win32-x86_64\bin\server\jvm.dll
0x00007ff97ceb0000 - 0x00007ff97cf61000 	C:\WINDOWS\System32\ADVAPI32.dll
0x00007ff97ca80000 - 0x00007ff97cb28000 	C:\WINDOWS\System32\sechost.dll
0x00007ff97ba60000 - 0x00007ff97ba88000 	C:\WINDOWS\System32\bcrypt.dll
0x00007ff97d250000 - 0x00007ff97d364000 	C:\WINDOWS\System32\RPCRT4.dll
0x00007ff97cb30000 - 0x00007ff97cba1000 	C:\WINDOWS\System32\WS2_32.dll
0x00007ff97a560000 - 0x00007ff97a5ad000 	C:\WINDOWS\SYSTEM32\POWRPROF.dll
0x00007ff975a40000 - 0x00007ff975a74000 	C:\WINDOWS\SYSTEM32\WINMM.dll
0x00007ff964260000 - 0x00007ff96426a000 	C:\WINDOWS\SYSTEM32\VERSION.dll
0x00007ff97a520000 - 0x00007ff97a533000 	C:\WINDOWS\SYSTEM32\UMPDC.dll
0x00007ff97a7f0000 - 0x00007ff97a808000 	C:\WINDOWS\SYSTEM32\kernel.appcore.dll
0x00007ff928b90000 - 0x00007ff928b9a000 	c:\Users\Mikhailov\.vscode\extensions\redhat.java-1.43.1-win32-x64\jre\21.0.7-win32-x86_64\bin\jimage.dll
0x00007ff979200000 - 0x00007ff979433000 	C:\WINDOWS\SYSTEM32\DBGHELP.DLL
0x00007ff97e230000 - 0x00007ff97e5c3000 	C:\WINDOWS\System32\combase.dll
0x00007ff97cf80000 - 0x00007ff97d057000 	C:\WINDOWS\System32\OLEAUT32.dll
0x00007ff94dda0000 - 0x00007ff94ddd2000 	C:\WINDOWS\SYSTEM32\dbgcore.DLL
0x00007ff97c0f0000 - 0x00007ff97c16b000 	C:\WINDOWS\System32\bcryptPrimitives.dll
0x00007ff915270000 - 0x00007ff91527f000 	c:\Users\Mikhailov\.vscode\extensions\redhat.java-1.43.1-win32-x64\jre\21.0.7-win32-x86_64\bin\instrument.dll
0x00007ff909e20000 - 0x00007ff909e3f000 	c:\Users\Mikhailov\.vscode\extensions\redhat.java-1.43.1-win32-x64\jre\21.0.7-win32-x86_64\bin\java.dll
0x00007ff97d8a0000 - 0x00007ff97e142000 	C:\WINDOWS\System32\SHELL32.dll
0x00007ff97ba90000 - 0x00007ff97bbcf000 	C:\WINDOWS\System32\wintypes.dll
0x00007ff9795f0000 - 0x00007ff979f0d000 	C:\WINDOWS\SYSTEM32\windows.storage.dll
0x00007ff97cc30000 - 0x00007ff97cd3c000 	C:\WINDOWS\System32\SHCORE.dll
0x00007ff97e160000 - 0x00007ff97e1c9000 	C:\WINDOWS\System32\shlwapi.dll
0x00007ff97b630000 - 0x00007ff97b65b000 	C:\WINDOWS\SYSTEM32\profapi.dll
0x00007ff90c890000 - 0x00007ff90c8a8000 	c:\Users\Mikhailov\.vscode\extensions\redhat.java-1.43.1-win32-x64\jre\21.0.7-win32-x86_64\bin\zip.dll
0x00007ff91abe0000 - 0x00007ff91abf0000 	C:\Users\Mikhailov\.vscode\extensions\redhat.java-1.43.1-win32-x64\jre\21.0.7-win32-x86_64\bin\net.dll
0x00007ff973930000 - 0x00007ff973a5c000 	C:\WINDOWS\SYSTEM32\WINHTTP.dll
0x00007ff97ac70000 - 0x00007ff97acd9000 	C:\WINDOWS\system32\mswsock.dll
0x00007ff90a800000 - 0x00007ff90a816000 	C:\Users\Mikhailov\.vscode\extensions\redhat.java-1.43.1-win32-x64\jre\21.0.7-win32-x86_64\bin\nio.dll
0x00007ff913600000 - 0x00007ff913610000 	c:\Users\Mikhailov\.vscode\extensions\redhat.java-1.43.1-win32-x64\jre\21.0.7-win32-x86_64\bin\verify.dll
0x00007ff906960000 - 0x00007ff9069a5000 	C:\Users\Mikhailov\AppData\Roaming\Code\User\globalStorage\redhat.java\1.43.1\config_win\org.eclipse.equinox.launcher\org.eclipse.equinox.launcher.win32.win32.x86_64_1.2.1300.v20250331-1702\eclipse_11911.dll
0x00007ff97d060000 - 0x00007ff97d200000 	C:\WINDOWS\System32\ole32.dll
0x00007ff97aed0000 - 0x00007ff97aeeb000 	C:\WINDOWS\SYSTEM32\CRYPTSP.dll
0x00007ff97a740000 - 0x00007ff97a777000 	C:\WINDOWS\system32\rsaenh.dll
0x00007ff97ad70000 - 0x00007ff97ad98000 	C:\WINDOWS\SYSTEM32\USERENV.dll
0x00007ff97aef0000 - 0x00007ff97aefc000 	C:\WINDOWS\SYSTEM32\CRYPTBASE.dll
0x00007ff97a220000 - 0x00007ff97a24d000 	C:\WINDOWS\SYSTEM32\IPHLPAPI.DLL
0x00007ff97cd40000 - 0x00007ff97cd49000 	C:\WINDOWS\System32\NSI.dll
0x00007ff90c8b0000 - 0x00007ff90c8f9000 	C:\Users\Mikhailov\AppData\Local\Temp\jna-120313266\jna4084198693790140755.dll
0x00007ff97e150000 - 0x00007ff97e158000 	C:\WINDOWS\System32\PSAPI.DLL
0x00007ff973310000 - 0x00007ff973329000 	C:\WINDOWS\SYSTEM32\dhcpcsvc6.DLL
0x00007ff973120000 - 0x00007ff97313f000 	C:\WINDOWS\SYSTEM32\dhcpcsvc.DLL

dbghelp: loaded successfully - version: 4.0.5 - missing functions: none
symbol engine: initialized successfully - sym options: 0x614 - pdb path: .;c:\Users\Mikhailov\.vscode\extensions\redhat.java-1.43.1-win32-x64\jre\21.0.7-win32-x86_64\bin;C:\WINDOWS\SYSTEM32;C:\WINDOWS\WinSxS\amd64_microsoft.windows.common-controls_6595b64144ccf1df_6.0.22621.5547_none_27104afb73855772;c:\Users\Mikhailov\.vscode\extensions\redhat.java-1.43.1-win32-x64\jre\21.0.7-win32-x86_64\bin\server;C:\Users\Mikhailov\AppData\Roaming\Code\User\globalStorage\redhat.java\1.43.1\config_win\org.eclipse.equinox.launcher\org.eclipse.equinox.launcher.win32.win32.x86_64_1.2.1300.v20250331-1702;C:\Users\Mikhailov\AppData\Local\Temp\jna-120313266

VM Arguments:
jvm_args: --add-modules=ALL-SYSTEM --add-opens=java.base/java.util=ALL-UNNAMED --add-opens=java.base/java.lang=ALL-UNNAMED --add-opens=java.base/sun.nio.fs=ALL-UNNAMED -Declipse.application=org.eclipse.jdt.ls.core.id1 -Dosgi.bundles.defaultStartLevel=4 -Declipse.product=org.eclipse.jdt.ls.core.product -Djava.import.generatesMetadataFilesAtProjectRoot=false -DDetectVMInstallationsJob.disabled=true -Dfile.encoding=utf8 -XX:+UseParallelGC -XX:GCTimeRatio=4 -XX:AdaptiveSizePolicyWeight=90 -Dsun.zip.disableMemoryMapping=true -Xmx2G -Xms100m -Xlog:disable -javaagent:c:\Users\Mikhailov\.vscode\extensions\redhat.java-1.43.1-win32-x64\lombok\lombok-1.18.39-4050.jar -XX:+HeapDumpOnOutOfMemoryError -XX:HeapDumpPath=c:\Users\Mikhailov\AppData\Roaming\Code\User\workspaceStorage\fd349178a1e6709f4cda7242595323e2\redhat.java -Daether.dependencyCollector.impl=bf 
java_command: c:\Users\Mikhailov\.vscode\extensions\redhat.java-1.43.1-win32-x64\server\plugins\org.eclipse.equinox.launcher_1.7.0.v20250519-0528.jar -configuration c:\Users\Mikhailov\AppData\Roaming\Code\User\globalStorage\redhat.java\1.43.1\config_win -data c:\Users\Mikhailov\AppData\Roaming\Code\User\workspaceStorage\fd349178a1e6709f4cda7242595323e2\redhat.java\jdt_ws --pipe=\\.\pipe\lsp-f4b077b2bd9cf7a5297af84a7095cc73-sock
java_class_path (initial): c:\Users\Mikhailov\.vscode\extensions\redhat.java-1.43.1-win32-x64\server\plugins\org.eclipse.equinox.launcher_1.7.0.v20250519-0528.jar
Launcher Type: SUN_STANDARD

[Global flags]
    uintx AdaptiveSizePolicyWeight                 = 90                                        {product} {command line}
     intx CICompilerCount                          = 4                                         {product} {ergonomic}
    uintx GCTimeRatio                              = 4                                         {product} {command line}
     bool HeapDumpOnOutOfMemoryError               = true                                   {manageable} {command line}
    ccstr HeapDumpPath                             = c:\Users\Mikhailov\AppData\Roaming\Code\User\workspaceStorage\fd349178a1e6709f4cda7242595323e2\redhat.java         {manageable} {command line}
   size_t InitialHeapSize                          = 104857600                                 {product} {command line}
   size_t MaxHeapSize                              = 2147483648                                {product} {command line}
   size_t MaxNewSize                               = 715653120                                 {product} {ergonomic}
   size_t MinHeapDeltaBytes                        = 524288                                    {product} {ergonomic}
   size_t MinHeapSize                              = 104857600                                 {product} {command line}
   size_t NewSize                                  = 34603008                                  {product} {ergonomic}
    uintx NonNMethodCodeHeapSize                   = 5839372                                {pd product} {ergonomic}
    uintx NonProfiledCodeHeapSize                  = 122909434                              {pd product} {ergonomic}
   size_t OldSize                                  = 70254592                                  {product} {ergonomic}
    uintx ProfiledCodeHeapSize                     = 122909434                              {pd product} {ergonomic}
    uintx ReservedCodeCacheSize                    = 251658240                              {pd product} {ergonomic}
     bool SegmentedCodeCache                       = true                                      {product} {ergonomic}
   size_t SoftMaxHeapSize                          = 2147483648                             {manageable} {ergonomic}
     bool UseCompressedOops                        = true                           {product lp64_product} {ergonomic}
     bool UseLargePagesIndividualAllocation        = false                                  {pd product} {ergonomic}
     bool UseParallelGC                            = true                                      {product} {command line}

Logging:
Log output configuration:
 #0: stdout all=off uptime,level,tags foldmultilines=false
 #1: stderr all=off uptime,level,tags foldmultilines=false

Environment Variables:
JAVA_HOME=C:\Program Files\Java\jdk-21
PATH=C:\Python313\Scripts\;C:\Python313\;C:\Program Files\Common Files\Oracle\Java\javapath;C:\Program Files (x86)\Common Files\Oracle\Java\java8path;C:\Program Files (x86)\Common Files\Oracle\Java\javapath;C:\WINDOWS\system32;C:\WINDOWS;C:\WINDOWS\System32\Wbem;C:\WINDOWS\System32\WindowsPowerShell\v1.0\;C:\WINDOWS\System32\OpenSSH\;C:\Program Files\Java\jdk-21\bin;C:\Program Files\Git\cmd;D;C:\Program Files\dotnet\;C:\Program Files\AmneziaWG\;c:\Users\Mikhailov\AppData\Local\Programs\cursor\resources\app\bin;C:\Program Files\Docker\Docker\resources\bin;C:\Program Files\PuTTY\;C:\mingw64\bin;C:\Program Files (x86)\GnuWin32\bin;C:\Program Files\nodejs\;C:\ProgramData\chocolatey\bin;D:\sasha\code\programs\mongodb-database-tools-windows-x86_64-100.12.0\bin;D:\sasha\code\programs\redis;D:\sasha\code\programs\miktex\miktex\bin\x64;D:\sasha\code\programs\strawberry-perl\c\bin;D:\sasha\code\programs\strawberry-perl\perl\site\bin;D:\sasha\code\programs\strawberry-perl\perl\bin;C:\Program Files\MongoDB\Server\8.0\bin;D:\sasha\code\programs\typst;C:\Program Files\PowerShell\7\;D:\sasha\code\programs\go\bin;D:\sasha\code\programs\flutter\flutter\bin;D:\sasha\code\programs\uv;C:\Users\Mikhailov\.local\bin;d:\sasha\code\programs\Trae\bin;C:\Users\Mikhailov\scoop\shims;C:\Users\Mikhailov\AppData\Local\Programs\Python\Python312\Scripts\;C:\Users\Mikhailov\AppData\Local\Programs\Python\Python312\;C:\Users\Mikhailov\AppData\Local\Programs\Python\Launcher\;C:\Users\Mikhailov\AppData\Local\Microsoft\WindowsApps;C:\ProgramData\chocolatey\lib\mingw\tools\install\mingw64\bin;D:\sasha\programs\GoLand 2023.3.1\bin;C:\Users\Mikhailov\AppData\Local\Programs\MiKTeX\miktex\bin\x64\;C:\Users\Mikhailov\AppData\Local\Programs\Microsoft VS Code\bin;D:\sasha\programs\Microsoft VS Code\bin;C:\Users\Mikhailov\AppData\Local\Muse Hub\lib;D:\sasha\code\vs buildtools\MSBuild\Current\Bin;C:\mingw64\bin;C:\Users\Mikhailov\AppData\Roaming\npm;D:\sasha\code\programs\mongo\;D:\sasha\code\programs\miktex\miktex\bin\x64\;C:\Users\Mikhailov\go\bin;D:\sasha\code\programs\flutter\flutter\bin
USERNAME=Mikhailov
OS=Windows_NT
PROCESSOR_IDENTIFIER=Intel64 Family 6 Model 154 Stepping 3, GenuineIntel
TMP=C:\Users\MIKHAI~1\AppData\Local\Temp
TEMP=C:\Users\MIKHAI~1\AppData\Local\Temp




Periodic native trim disabled

---------------  S Y S T E M  ---------------

OS:
 Windows 11 , 64 bit Build 22621 (10.0.22621.5415)
OS uptime: 1 days 0:27 hours
Hyper-V role detected

CPU: total 12 (initial active 12) (6 cores per cpu, 2 threads per core) family 6 model 154 stepping 3 microcode 0x423, cx8, cmov, fxsr, ht, mmx, 3dnowpref, sse, sse2, sse3, ssse3, sse4.1, sse4.2, popcnt, lzcnt, tsc, tscinvbit, avx, avx2, aes, erms, clmul, bmi1, bmi2, adx, sha, fma, vzeroupper, clflush, clflushopt, clwb, hv, serialize, rdtscp, rdpid, fsrm, f16c, cet_ibt, cet_ss
Processor Information for the first 12 processors :
  Max Mhz: 2000, Current Mhz: 2000, Mhz Limit: 2000

Memory: 4k page, system-wide physical 16092M (885M free)
TotalPageFile size 26962M (AvailPageFile size 5M)
current process WorkingSet (physical memory assigned to process): 181M, peak: 185M
current process commit charge ("private bytes"): 318M, peak: 321M

vm_info: OpenJDK 64-Bit Server VM (21.0.7+6-LTS) for windows-amd64 JRE (21.0.7+6-LTS), built on 2025-04-15T00:00:00Z by "admin" with MS VC++ 17.7 (VS2022)

END.
